  main.cpp
C:\Users\USER\Desktop\data-structure-lab-2025\Lec04_Array_class\Lec04_Class\Complex.h(16,24): error C2059: 구문 오류: '문자열'
  (소스 파일 'main.cpp'을(를) 컴파일하는 중)
  
C:\Users\USER\Desktop\data-structure-lab-2025\Lec04_Array_class\Lec04_Class\Complex.h(14,3): error C4996: 'scanf': This function or variable may be unsafe. Consider using scanf_s instead. To disable deprecation, use _CRT_SECURE_NO_WARNINGS. See online help for details.
  (소스 파일 'main.cpp'을(를) 컴파일하는 중)
  
C:\Users\USER\Desktop\data-structure-lab-2025\Lec04_Array_class\Lec04_Class\Car.h(11,2): error C2535: 'Car::Car(void)': 멤버 함수를 이미 정의했거나 선언했습니다.
  (소스 파일 'main.cpp'을(를) 컴파일하는 중)
  C:\Users\USER\Desktop\data-structure-lab-2025\Lec04_Array_class\Lec04_Class\Car.h(10,2):
  'Car::Car' 선언을 참조하십시오.
  
C:\Users\USER\Desktop\data-structure-lab-2025\Lec04_Array_class\Lec04_Class\Car.h(14,4): error C3861: 'strcpy': 식별자를 찾을 수 없습니다.
  (소스 파일 'main.cpp'을(를) 컴파일하는 중)
  
C:\Users\USER\Desktop\data-structure-lab-2025\Lec04_Array_class\Lec04_Class\Car.h(25,27): warning C4477: 'printf' : 서식 문자열 '%x'에 'unsigned int' 형식의 인수가 필요하지만 variadic 인수 1의 형식이 'Car *'입니다.
  (소스 파일 'main.cpp'을(를) 컴파일하는 중)
  
C:\Users\USER\Desktop\data-structure-lab-2025\Lec04_Array_class\Lec04_Class\Car.h(25,27): warning C4313: 'printf': 서식 문자열의 '%x'이(가) Car *' 형식의 인수 1과(와) 충돌합니다.
  (소스 파일 'main.cpp'을(를) 컴파일하는 중)
  
C:\Users\USER\Desktop\data-structure-lab-2025\Lec04_Array_class\Lec04_Class\main.cpp(12,13): error C2665: 'Car::Car': 모든 인수 형식을 변환할 수 있는 오버로드된 함수가 없습니다.
  C:\Users\USER\Desktop\data-structure-lab-2025\Lec04_Array_class\Lec04_Class\Car.h(12,2):
  'Car::Car(int,char *,int)'일 수 있습니다.
  	C:\Users\USER\Desktop\data-structure-lab-2025\Lec04_Array_class\Lec04_Class\main.cpp(12,13):
  	'Car::Car(int,char *,int)': 인수 2을(를) 'const char [3]'에서 'char *'(으)로 변환할 수 없습니다.
  		C:\Users\USER\Desktop\data-structure-lab-2025\Lec04_Array_class\Lec04_Class\main.cpp(12,18):
  		문자열 리터럴로부터의 변환은 const 한정자가 손실됩니다(/Zc:strictStrings 참조).
  C:\Users\USER\Desktop\data-structure-lab-2025\Lec04_Array_class\Lec04_Class\main.cpp(12,13):
  인수 목록 '(int, const char [3], int)'을(를) 일치시키는 동안
  
